2025-03-25 12:20:30,947:INFO: Input arguments: {
    "batch_size": 4,
    "cnn_type": "unet",
    "dataset": "iscwebots",
    "embed_dim": 4,
    "height": 720,
    "image_dir": "/media/jai/Deck/projects/ISC/lanenet/dataset/iscwebots",
    "learning_rate": 0.0001,
    "loader_type": "dataset",
    "log_step": 20,
    "lr_update": 50,
    "max_lanes": 5,
    "max_patience": 5,
    "meta_file": "/media/jai/Deck/projects/ISC/lanenet/dataset/output/metadata/iscwebots.json",
    "num_epochs": 100,
    "num_workers": 8,
    "output_file": "/media/jai/Deck/projects/ISC/lanenet/dataset/output/model/iscwebots_unet_b4_lr0.0001.pth",
    "seed": 123,
    "start_from": null,
    "thickness": 5,
    "use_hnet": false,
    "val_step": 1,
    "width": 1280
}
2025-03-25 12:20:32,460:INFO: Loading meta file: /media/jai/Deck/projects/ISC/lanenet/dataset/output/metadata/iscwebots.json
2025-03-25 12:20:32,461:INFO: Loading meta file: /media/jai/Deck/projects/ISC/lanenet/dataset/output/metadata/iscwebots.json
2025-03-25 12:20:32,462:INFO: Building model...
2025-03-25 12:20:32,462:INFO: ===> Loading model 'unet'
/home/jai/anaconda3/envs/lanenet/lib/python3.7/site-packages/torch/nn/_reduction.py:42: UserWarning: size_average and reduce args will be deprecated, please use reduction='mean' instead.
  warnings.warn(warning.format(ret))
2025-03-25 12:20:33,699:INFO: Start training...
Epoch:   0%|          | 0/100 [00:00<?, ?it/s]2025-03-25 12:20:33,702:INFO: ===> Learning rate: 0.000100: 

  0%|          | 0/25 [00:00<?, ?it/s][A  0%|          | 0/25 [00:04<?, ?it/s]
Epoch:   0%|          | 0/100 [00:04<?, ?it/s]
Traceback (most recent call last):
  File "src/train.py", line 408, in <module>
    main(opt)
  File "src/train.py", line 228, in main
    train_loader)
  File "src/train.py", line 73, in train
    bin_preds, ins_preds = model(images)
  File "/home/jai/anaconda3/envs/lanenet/lib/python3.7/site-packages/torch/nn/modules/module.py", line 1194, in _call_impl
    return forward_call(*input, **kwargs)
  File "/home/jai/anaconda3/envs/lanenet/lib/python3.7/site-packages/torch/nn/parallel/data_parallel.py", line 169, in forward
    return self.module(*inputs[0], **kwargs[0])
  File "/home/jai/anaconda3/envs/lanenet/lib/python3.7/site-packages/torch/nn/modules/module.py", line 1194, in _call_impl
    return forward_call(*input, **kwargs)
  File "/media/jai/Deck/projects/ISC/lanenet/lanenet/src/models/model.py", line 42, in forward
    out = self.core(images)
  File "/home/jai/anaconda3/envs/lanenet/lib/python3.7/site-packages/torch/nn/modules/module.py", line 1194, in _call_impl
    return forward_call(*input, **kwargs)
  File "/media/jai/Deck/projects/ISC/lanenet/lanenet/src/models/unet.py", line 113, in forward
    x4 = self.down3(x3)
  File "/home/jai/anaconda3/envs/lanenet/lib/python3.7/site-packages/torch/nn/modules/module.py", line 1194, in _call_impl
    return forward_call(*input, **kwargs)
  File "/media/jai/Deck/projects/ISC/lanenet/lanenet/src/models/unet.py", line 48, in forward
    x = self.mpconv(x)
  File "/home/jai/anaconda3/envs/lanenet/lib/python3.7/site-packages/torch/nn/modules/module.py", line 1194, in _call_impl
    return forward_call(*input, **kwargs)
  File "/home/jai/anaconda3/envs/lanenet/lib/python3.7/site-packages/torch/nn/modules/container.py", line 204, in forward
    input = module(input)
  File "/home/jai/anaconda3/envs/lanenet/lib/python3.7/site-packages/torch/nn/modules/module.py", line 1194, in _call_impl
    return forward_call(*input, **kwargs)
  File "/media/jai/Deck/projects/ISC/lanenet/lanenet/src/models/unet.py", line 25, in forward
    x = self.conv(x)
  File "/home/jai/anaconda3/envs/lanenet/lib/python3.7/site-packages/torch/nn/modules/module.py", line 1194, in _call_impl
    return forward_call(*input, **kwargs)
  File "/home/jai/anaconda3/envs/lanenet/lib/python3.7/site-packages/torch/nn/modules/container.py", line 204, in forward
    input = module(input)
  File "/home/jai/anaconda3/envs/lanenet/lib/python3.7/site-packages/torch/nn/modules/module.py", line 1194, in _call_impl
    return forward_call(*input, **kwargs)
  File "/home/jai/anaconda3/envs/lanenet/lib/python3.7/site-packages/torch/nn/modules/conv.py", line 463, in forward
    return self._conv_forward(input, self.weight, self.bias)
  File "/home/jai/anaconda3/envs/lanenet/lib/python3.7/site-packages/torch/nn/modules/conv.py", line 460, in _conv_forward
    self.padding, self.dilation, self.groups)
torch.cuda.OutOfMemoryError: CUDA out of memory. Tried to allocate 114.00 MiB (GPU 0; 7.75 GiB total capacity; 7.50 GiB already allocated; 32.06 MiB free; 7.52 GiB reserved in total by PyTorch) If reserved memory is >> allocated memory try setting max_split_size_mb to avoid fragmentation.  See documentation for Memory Management and PYTORCH_CUDA_ALLOC_CONF
