2025-03-24 20:53:12,181:INFO: Input arguments: {
    "batch_size": 16,
    "cnn_type": "unet",
    "dataset": "iscwebots",
    "embed_dim": 4,
    "height": 720,
    "image_dir": "/media/jai/Deck/projects/ISC/lanenet/dataset/iscwebots",
    "learning_rate": 0.0001,
    "loader_type": "dataset",
    "log_step": 20,
    "lr_update": 50,
    "max_lanes": 5,
    "max_patience": 5,
    "meta_file": "/media/jai/Deck/projects/ISC/lanenet/dataset/output/metadata/iscwebots.json",
    "num_epochs": 100,
    "num_workers": 8,
    "output_file": "/media/jai/Deck/projects/ISC/lanenet/dataset/output/model/iscwebots_unet_b16_lr0.0001.pth",
    "seed": 123,
    "start_from": null,
    "thickness": 5,
    "use_hnet": false,
    "val_step": 1,
    "width": 1280
}
2025-03-24 20:53:12,877:INFO: Loading meta file: /media/jai/Deck/projects/ISC/lanenet/dataset/output/metadata/iscwebots.json
2025-03-24 20:53:12,878:INFO: Loading meta file: /media/jai/Deck/projects/ISC/lanenet/dataset/output/metadata/iscwebots.json
2025-03-24 20:53:12,879:INFO: Building model...
2025-03-24 20:53:12,879:INFO: ===> Loading model 'unet'
/home/jai/anaconda3/envs/lanenet/lib/python3.7/site-packages/torch/nn/_reduction.py:42: UserWarning: size_average and reduce args will be deprecated, please use reduction='mean' instead.
  warnings.warn(warning.format(ret))
2025-03-24 20:53:13,028:INFO: Start training...
Epoch:   0%|          | 0/100 [00:00<?, ?it/s]2025-03-24 20:53:13,030:INFO: ===> Learning rate: 0.000100: 

  0%|          | 0/7 [00:00<?, ?it/s][A